#
# There is insufficient memory for the Java Runtime Environment to continue.
# Native memory allocation (mmap) failed to map 188743680 bytes for G1 virtual space
# Possible reasons:
#   The system is out of physical RAM or swap space
#   The process is running with CompressedOops enabled, and the Java Heap may be blocking the growth of the native heap
# Possible solutions:
#   Reduce memory load on the system
#   Increase physical memory or swap space
#   Check if swap backing store is full
#   Decrease Java heap size (-Xmx/-Xms)
#   Decrease number of Java threads
#   Decrease Java thread stack sizes (-Xss)
#   Set larger code cache with -XX:ReservedCodeCacheSize=
#   JVM is running with Unscaled Compressed Oops mode in which the Java heap is
#     placed in the first 4GB address space. The Java Heap base address is the
#     maximum limit for the native heap growth. Please use -XX:HeapBaseMinAddress
#     to set the Java Heap base and to place the Java Heap above 4GB virtual address.
# This output file may be truncated or incomplete.
#
#  Out of Memory Error (os_windows.cpp:3550), pid=20856, tid=7864
#
# JRE version: Java(TM) SE Runtime Environment (17.0.7+8) (build 17.0.7+8-LTS-224)
# Java VM: Java HotSpot(TM) 64-Bit Server VM (17.0.7+8-LTS-224, mixed mode, sharing, tiered, compressed oops, compressed class ptrs, g1 gc, windows-amd64)
# No core dump will be written. Minidumps are not enabled by default on client versions of Windows
#

---------------  S U M M A R Y ------------

Command Line: -Dclassworlds.conf=C:\Program Files\NetBeans-17\netbeans\java\maven\bin\m2.conf -Dmaven.home=C:\Program Files\NetBeans-17\netbeans\java\maven -Dlibrary.jansi.path=C:\Program Files\NetBeans-17\netbeans\java\maven\lib\jansi-native -Dmaven.multiModuleProjectDirectory=C:\Users\chris\OneDrive\Escritorio\finalquinta2\gym org.codehaus.plexus.classworlds.launcher.Launcher -Dmaven.ext.class.path=C:\Program Files\NetBeans-17\netbeans\java\maven-nblib\netbeans-eventspy.jar -Dfile.encoding=UTF-8 --no-transfer-progress clean install

Host: AMD Ryzen 7 5700U with Radeon Graphics         , 16 cores, 3G,  Windows 11 , 64 bit Build 22621 (10.0.22621.2506)
Time: Wed Nov 22 23:55:00 2023 Hora estándar, América Central elapsed time: 24.796437 seconds (0d 0h 0m 24s)

---------------  T H R E A D  ---------------

Current thread (0x00000214d3d99c20):  VMThread "VM Thread" [stack: 0x000000b7f5b00000,0x000000b7f5c00000] [id=7864]

Stack: [0x000000b7f5b00000,0x000000b7f5c00000]
Native frames: (J=compiled Java code, j=interpreted, Vv=VM code, C=native code)
V  [jvm.dll+0x676a4a]
V  [jvm.dll+0x7d74f4]
V  [jvm.dll+0x7d8c9e]
V  [jvm.dll+0x7d9303]
V  [jvm.dll+0x2452c5]
V  [jvm.dll+0x6738f9]
V  [jvm.dll+0x668232]
V  [jvm.dll+0x302826]
V  [jvm.dll+0x309da6]
V  [jvm.dll+0x35952e]
V  [jvm.dll+0x35975f]
V  [jvm.dll+0x2d9a38]
V  [jvm.dll+0x2d7e45]
V  [jvm.dll+0x2d744c]
V  [jvm.dll+0x31ae41]
V  [jvm.dll+0x7ddb0b]
V  [jvm.dll+0x7de844]
V  [jvm.dll+0x7ded5d]
V  [jvm.dll+0x7df134]
V  [jvm.dll+0x7df200]
V  [jvm.dll+0x78759a]
V  [jvm.dll+0x675875]
C  [ucrtbase.dll+0x29363]
C  [KERNEL32.DLL+0x1257d]
C  [ntdll.dll+0x5aa58]

VM_Operation (0x000000b7f84fe838): G1TryInitiateConcMark, mode: safepoint, requested by thread 0x00000214d8106790


---------------  P R O C E S S  ---------------

Threads class SMR info:
_java_thread_list=0x00000214d809e860, length=28, elements={
0x00000214b7dcf060, 0x00000214d3da0b40, 0x00000214d3da19b0, 0x00000214d3dbc310,
0x00000214d3dbf1d0, 0x00000214d3dbfb80, 0x00000214d3dc0530, 0x00000214d3dc1210,
0x00000214d3dc55c0, 0x00000214d3dc8ee0, 0x00000214d488aa70, 0x00000214d48b1170,
0x00000214d87669e0, 0x00000214d7f886a0, 0x00000214d83c34f0, 0x00000214d5d15c50,
0x00000214d5299970, 0x00000214d80b1020, 0x00000214d6007d00, 0x00000214d8108470,
0x00000214d8105df0, 0x00000214d81062c0, 0x00000214d8108940, 0x00000214d8107130,
0x00000214d8108e10, 0x00000214d81092e0, 0x00000214d8106790, 0x00000214d8105920
}

Java Threads: ( => current thread )
  0x00000214b7dcf060 JavaThread "main" [_thread_blocked, id=21748, stack(0x000000b7f5500000,0x000000b7f5600000)]
  0x00000214d3da0b40 JavaThread "Reference Handler" daemon [_thread_blocked, id=7872, stack(0x000000b7f5c00000,0x000000b7f5d00000)]
  0x00000214d3da19b0 JavaThread "Finalizer" daemon [_thread_blocked, id=13708, stack(0x000000b7f5d00000,0x000000b7f5e00000)]
  0x00000214d3dbc310 JavaThread "Signal Dispatcher" daemon [_thread_blocked, id=19020, stack(0x000000b7f5e00000,0x000000b7f5f00000)]
  0x00000214d3dbf1d0 JavaThread "Attach Listener" daemon [_thread_blocked, id=22052, stack(0x000000b7f5f00000,0x000000b7f6000000)]
  0x00000214d3dbfb80 JavaThread "Service Thread" daemon [_thread_blocked, id=9412, stack(0x000000b7f6000000,0x000000b7f6100000)]
  0x00000214d3dc0530 JavaThread "Monitor Deflation Thread" daemon [_thread_blocked, id=10088, stack(0x000000b7f6100000,0x000000b7f6200000)]
  0x00000214d3dc1210 JavaThread "C2 CompilerThread0" daemon [_thread_in_native, id=6296, stack(0x000000b7f6200000,0x000000b7f6300000)]
  0x00000214d3dc55c0 JavaThread "C1 CompilerThread0" daemon [_thread_blocked, id=18732, stack(0x000000b7f6300000,0x000000b7f6400000)]
  0x00000214d3dc8ee0 JavaThread "Sweeper thread" daemon [_thread_blocked, id=22656, stack(0x000000b7f6400000,0x000000b7f6500000)]
  0x00000214d488aa70 JavaThread "Notification Thread" daemon [_thread_blocked, id=21248, stack(0x000000b7f6500000,0x000000b7f6600000)]
  0x00000214d48b1170 JavaThread "Common-Cleaner" daemon [_thread_blocked, id=7120, stack(0x000000b7f6700000,0x000000b7f6800000)]
  0x00000214d87669e0 JavaThread "pool-1-thread-1" [_thread_blocked, id=2784, stack(0x000000b7f7600000,0x000000b7f7700000)]
  0x00000214d7f886a0 JavaThread "pool-1-thread-2" [_thread_blocked, id=14128, stack(0x000000b7f7700000,0x000000b7f7800000)]
  0x00000214d83c34f0 JavaThread "pool-1-thread-3" [_thread_blocked, id=1476, stack(0x000000b7f7800000,0x000000b7f7900000)]
  0x00000214d5d15c50 JavaThread "pool-1-thread-4" [_thread_blocked, id=4132, stack(0x000000b7f7900000,0x000000b7f7a00000)]
  0x00000214d5299970 JavaThread "pool-1-thread-5" [_thread_blocked, id=22060, stack(0x000000b7f7a00000,0x000000b7f7b00000)]
  0x00000214d80b1020 JavaThread "pool-1-thread-6" [_thread_blocked, id=22436, stack(0x000000b7f7b00000,0x000000b7f7c00000)]
  0x00000214d6007d00 JavaThread "pool-1-thread-7" [_thread_blocked, id=18800, stack(0x000000b7f7c00000,0x000000b7f7d00000)]
  0x00000214d8108470 JavaThread "pool-1-thread-8" [_thread_blocked, id=4232, stack(0x000000b7f7d00000,0x000000b7f7e00000)]
  0x00000214d8105df0 JavaThread "pool-1-thread-9" [_thread_blocked, id=13028, stack(0x000000b7f7e00000,0x000000b7f7f00000)]
  0x00000214d81062c0 JavaThread "pool-1-thread-10" [_thread_blocked, id=11992, stack(0x000000b7f7f00000,0x000000b7f8000000)]
  0x00000214d8108940 JavaThread "pool-1-thread-11" [_thread_blocked, id=15084, stack(0x000000b7f8000000,0x000000b7f8100000)]
  0x00000214d8107130 JavaThread "pool-1-thread-12" [_thread_blocked, id=3536, stack(0x000000b7f8100000,0x000000b7f8200000)]
  0x00000214d8108e10 JavaThread "pool-1-thread-13" [_thread_blocked, id=23012, stack(0x000000b7f8200000,0x000000b7f8300000)]
  0x00000214d81092e0 JavaThread "pool-1-thread-14" [_thread_blocked, id=8128, stack(0x000000b7f8300000,0x000000b7f8400000)]
  0x00000214d8106790 JavaThread "pool-1-thread-15" [_thread_blocked, id=15764, stack(0x000000b7f8400000,0x000000b7f8500000)]
  0x00000214d8105920 JavaThread "pool-1-thread-16" [_thread_blocked, id=23116, stack(0x000000b7f8500000,0x000000b7f8600000)]

Other Threads:
=>0x00000214d3d99c20 VMThread "VM Thread" [stack: 0x000000b7f5b00000,0x000000b7f5c00000] [id=7864]
  0x00000214d48afc60 WatcherThread [stack: 0x000000b7f6600000,0x000000b7f6700000] [id=7996]
  0x00000214b7e08870 GCTaskThread "GC Thread#0" [stack: 0x000000b7f5600000,0x000000b7f5700000] [id=4880]
  0x00000214d493c9d0 GCTaskThread "GC Thread#1" [stack: 0x000000b7f6800000,0x000000b7f6900000] [id=19600]
  0x00000214d50a5d90 GCTaskThread "GC Thread#2" [stack: 0x000000b7f6900000,0x000000b7f6a00000] [id=20220]
  0x00000214d50a6040 GCTaskThread "GC Thread#3" [stack: 0x000000b7f6a00000,0x000000b7f6b00000] [id=8900]
  0x00000214d50a62f0 GCTaskThread "GC Thread#4" [stack: 0x000000b7f6b00000,0x000000b7f6c00000] [id=12172]
  0x00000214d50a65a0 GCTaskThread "GC Thread#5" [stack: 0x000000b7f6c00000,0x000000b7f6d00000] [id=24104]
  0x00000214d50a6a60 GCTaskThread "GC Thread#6" [stack: 0x000000b7f6d00000,0x000000b7f6e00000] [id=15076]
  0x00000214d533bbe0 GCTaskThread "GC Thread#7" [stack: 0x000000b7f6e00000,0x000000b7f6f00000] [id=10724]
  0x00000214d5c12cb0 GCTaskThread "GC Thread#8" [stack: 0x000000b7f6f00000,0x000000b7f7000000] [id=2012]
  0x00000214d61f8900 GCTaskThread "GC Thread#9" [stack: 0x000000b7f7000000,0x000000b7f7100000] [id=9700]
  0x00000214d5d165a0 GCTaskThread "GC Thread#10" [stack: 0x000000b7f7100000,0x000000b7f7200000] [id=12508]
  0x00000214d4e3f250 GCTaskThread "GC Thread#11" [stack: 0x000000b7f7200000,0x000000b7f7300000] [id=2924]
  0x00000214d53a8f70 GCTaskThread "GC Thread#12" [stack: 0x000000b7f7300000,0x000000b7f7400000] [id=22380]
  0x00000214b7e11640 ConcurrentGCThread "G1 Main Marker" [stack: 0x000000b7f5700000,0x000000b7f5800000] [id=2404]
  0x00000214b7e12050 ConcurrentGCThread "G1 Conc#0" [stack: 0x000000b7f5800000,0x000000b7f5900000] [id=17880]
  0x00000214d53a8cc0 ConcurrentGCThread "G1 Conc#1" [stack: 0x000000b7f7400000,0x000000b7f7500000] [id=15860]
  0x00000214d53a7f50 ConcurrentGCThread "G1 Conc#2" [stack: 0x000000b7f7500000,0x000000b7f7600000] [id=21908]
  0x00000214b7e85640 ConcurrentGCThread "G1 Refine#0" [stack: 0x000000b7f5900000,0x000000b7f5a00000] [id=12936]
  0x00000214b7e86060 ConcurrentGCThread "G1 Service" [stack: 0x000000b7f5a00000,0x000000b7f5b00000] [id=3308]

Threads with active compile tasks:
C2 CompilerThread0    24905 7501       4       org.codehaus.plexus.classworlds.realm.ClassRealm::loadClass (7 bytes)

VM state: at safepoint (normal execution)

VM Mutex/Monitor currently owned by a thread:  ([mutex/lock_event])
[0x00000214b7dca620] Threads_lock - owner thread: 0x00000214d3d99c20
[0x00000214b7dc8c40] Heap_lock - owner thread: 0x00000214d8106790

Heap address: 0x00000000cac00000, size: 852 MB, Compressed Oops mode: 32-bit

CDS archive(s) mapped at: [0x0000000800000000-0x0000000800bd0000-0x0000000800bd0000), size 12386304, SharedBaseAddress: 0x0000000800000000, ArchiveRelocationMode: 0.
Compressed class space mapped at: 0x0000000800c00000-0x0000000840c00000, reserved size: 1073741824
Narrow klass base: 0x0000000800000000, Narrow klass shift: 0, Narrow klass range: 0x100000000

GC Precious Log:
 CPUs: 16 total, 16 available
 Memory: 3405M
 Large Page Support: Disabled
 NUMA Support: Disabled
 Compressed Oops: Enabled (32-bit)
 Heap Region Size: 1M
 Heap Min Capacity: 8M
 Heap Initial Capacity: 54M
 Heap Max Capacity: 852M
 Pre-touch: Disabled
 Parallel Workers: 13
 Concurrent Workers: 3
 Concurrent Refinement Workers: 13
 Periodic GC: Disabled

Heap:
 garbage-first heap   total 116736K, used 109895K [0x00000000cac00000, 0x0000000100000000)
  region size 1024K, 1 young (1024K), 1 survivors (1024K)
 Metaspace       used 29826K, committed 30080K, reserved 1081344K
  class space    used 3385K, committed 3520K, reserved 1048576K

Heap Regions: E=young(eden), S=young(survivor), O=old, HS=humongous(starts), HC=humongous(continues), CS=collection set, F=free, OA=open archive, CA=closed archive, TAMS=top-at-mark-start (previous, next)
|   0|0x00000000cac00000, 0x00000000cad00000, 0x00000000cad00000|100%| O|  |TAMS 0x00000000cad00000, 0x00000000cad00000| Untracked 
|   1|0x00000000cad00000, 0x00000000cae00000, 0x00000000cae00000|100%| O|  |TAMS 0x00000000cae00000, 0x00000000cae00000| Untracked 
|   2|0x00000000cae00000, 0x00000000caf00000, 0x00000000caf00000|100%| O|  |TAMS 0x00000000caf00000, 0x00000000caf00000| Untracked 
|   3|0x00000000caf00000, 0x00000000cb000000, 0x00000000cb000000|100%| O|  |TAMS 0x00000000cb000000, 0x00000000cb000000| Untracked 
|   4|0x00000000cb000000, 0x00000000cb100000, 0x00000000cb100000|100%| O|  |TAMS 0x00000000cb100000, 0x00000000cb100000| Untracked 
|   5|0x00000000cb100000, 0x00000000cb200000, 0x00000000cb200000|100%| O|  |TAMS 0x00000000cb200000, 0x00000000cb200000| Untracked 
|   6|0x00000000cb200000, 0x00000000cb300000, 0x00000000cb300000|100%| O|  |TAMS 0x00000000cb300000, 0x00000000cb300000| Untracked 
|   7|0x00000000cb300000, 0x00000000cb400000, 0x00000000cb400000|100%| O|  |TAMS 0x00000000cb400000, 0x00000000cb400000| Untracked 
|   8|0x00000000cb400000, 0x00000000cb500000, 0x00000000cb500000|100%| O|  |TAMS 0x00000000cb500000, 0x00000000cb500000| Untracked 
|   9|0x00000000cb500000, 0x00000000cb600000, 0x00000000cb600000|100%| O|  |TAMS 0x00000000cb600000, 0x00000000cb600000| Untracked 
|  10|0x00000000cb600000, 0x00000000cb600000, 0x00000000cb700000|  0%| F|  |TAMS 0x00000000cb600000, 0x00000000cb600000| Untracked 
|  11|0x00000000cb700000, 0x00000000cb800000, 0x00000000cb800000|100%| O|  |TAMS 0x00000000cb800000, 0x00000000cb800000| Untracked 
|  12|0x00000000cb800000, 0x00000000cb900000, 0x00000000cb900000|100%| O|  |TAMS 0x00000000cb900000, 0x00000000cb900000| Untracked 
|  13|0x00000000cb900000, 0x00000000cba00000, 0x00000000cba00000|100%| O|  |TAMS 0x00000000cba00000, 0x00000000cba00000| Untracked 
|  14|0x00000000cba00000, 0x00000000cbb00000, 0x00000000cbb00000|100%| O|  |TAMS 0x00000000cbb00000, 0x00000000cbb00000| Untracked 
|  15|0x00000000cbb00000, 0x00000000cbc00000, 0x00000000cbc00000|100%| O|  |TAMS 0x00000000cbc00000, 0x00000000cbc00000| Untracked 
|  16|0x00000000cbc00000, 0x00000000cbd00000, 0x00000000cbd00000|100%| O|  |TAMS 0x00000000cbd00000, 0x00000000cbd00000| Untracked 
|  17|0x00000000cbd00000, 0x00000000cbe00000, 0x00000000cbe00000|100%|HS|  |TAMS 0x00000000cbd00000, 0x00000000cbe00000| Complete 
|  18|0x00000000cbe00000, 0x00000000cbf00000, 0x00000000cbf00000|100%|HC|  |TAMS 0x00000000cbe00000, 0x00000000cbf00000| Complete 
|  19|0x00000000cbf00000, 0x00000000cc000000, 0x00000000cc000000|100%|HC|  |TAMS 0x00000000cbf00000, 0x00000000cc000000| Complete 
|  20|0x00000000cc000000, 0x00000000cc000000, 0x00000000cc100000|  0%| F|  |TAMS 0x00000000cc000000, 0x00000000cc000000| Untracked 
|  21|0x00000000cc100000, 0x00000000cc200000, 0x00000000cc200000|100%| O|  |TAMS 0x00000000cc200000, 0x00000000cc200000| Untracked 
|  22|0x00000000cc200000, 0x00000000cc300000, 0x00000000cc300000|100%| O|  |TAMS 0x00000000cc300000, 0x00000000cc300000| Untracked 
|  23|0x00000000cc300000, 0x00000000cc400000, 0x00000000cc400000|100%|HS|  |TAMS 0x00000000cc400000, 0x00000000cc400000| Complete 
|  24|0x00000000cc400000, 0x00000000cc500000, 0x00000000cc500000|100%|HC|  |TAMS 0x00000000cc500000, 0x00000000cc500000| Complete 
|  25|0x00000000cc500000, 0x00000000cc600000, 0x00000000cc600000|100%|HS|  |TAMS 0x00000000cc600000, 0x00000000cc600000| Complete 
|  26|0x00000000cc600000, 0x00000000cc700000, 0x00000000cc700000|100%|HS|  |TAMS 0x00000000cc600000, 0x00000000cc700000| Complete 
|  27|0x00000000cc700000, 0x00000000cc800000, 0x00000000cc800000|100%|HC|  |TAMS 0x00000000cc700000, 0x00000000cc800000| Complete 
|  28|0x00000000cc800000, 0x00000000cc900000, 0x00000000cc900000|100%| O|  |TAMS 0x00000000cc900000, 0x00000000cc900000| Untracked 
|  29|0x00000000cc900000, 0x00000000cca00000, 0x00000000cca00000|100%| O|  |TAMS 0x00000000cca00000, 0x00000000cca00000| Untracked 
|  30|0x00000000cca00000, 0x00000000cca00000, 0x00000000ccb00000|  0%| F|  |TAMS 0x00000000cca00000, 0x00000000cca00000| Untracked 
|  31|0x00000000ccb00000, 0x00000000ccc00000, 0x00000000ccc00000|100%| O|  |TAMS 0x00000000ccc00000, 0x00000000ccc00000| Untracked 
|  32|0x00000000ccc00000, 0x00000000ccd00000, 0x00000000ccd00000|100%| O|  |TAMS 0x00000000ccd00000, 0x00000000ccd00000| Untracked 
|  33|0x00000000ccd00000, 0x00000000cce00000, 0x00000000cce00000|100%|HS|  |TAMS 0x00000000cce00000, 0x00000000cce00000| Complete 
|  34|0x00000000cce00000, 0x00000000ccf00000, 0x00000000ccf00000|100%|HS|  |TAMS 0x00000000ccf00000, 0x00000000ccf00000| Complete 
|  35|0x00000000ccf00000, 0x00000000cd000000, 0x00000000cd000000|100%|HS|  |TAMS 0x00000000cd000000, 0x00000000cd000000| Complete 
|  36|0x00000000cd000000, 0x00000000cd100000, 0x00000000cd100000|100%|HS|  |TAMS 0x00000000cd100000, 0x00000000cd100000| Complete 
|  37|0x00000000cd100000, 0x00000000cd200000, 0x00000000cd200000|100%|HS|  |TAMS 0x00000000cd200000, 0x00000000cd200000| Complete 
|  38|0x00000000cd200000, 0x00000000cd300000, 0x00000000cd300000|100%|HS|  |TAMS 0x00000000cd300000, 0x00000000cd300000| Complete 
|  39|0x00000000cd300000, 0x00000000cd400000, 0x00000000cd400000|100%|HS|  |TAMS 0x00000000cd400000, 0x00000000cd400000| Complete 
|  40|0x00000000cd400000, 0x00000000cd500000, 0x00000000cd500000|100%|HS|  |TAMS 0x00000000cd500000, 0x00000000cd500000| Complete 
|  41|0x00000000cd500000, 0x00000000cd600000, 0x00000000cd600000|100%|HS|  |TAMS 0x00000000cd600000, 0x00000000cd600000| Complete 
|  42|0x00000000cd600000, 0x00000000cd700000, 0x00000000cd700000|100%|HS|  |TAMS 0x00000000cd700000, 0x00000000cd700000| Complete 
|  43|0x00000000cd700000, 0x00000000cd800000, 0x00000000cd800000|100%|HS|  |TAMS 0x00000000cd800000, 0x00000000cd800000| Complete 
|  44|0x00000000cd800000, 0x00000000cd900000, 0x00000000cd900000|100%|HS|  |TAMS 0x00000000cd900000, 0x00000000cd900000| Complete 
|  45|0x00000000cd900000, 0x00000000cda00000, 0x00000000cda00000|100%|HS|  |TAMS 0x00000000cda00000, 0x00000000cda00000| Complete 
|  46|0x00000000cda00000, 0x00000000cdb00000, 0x00000000cdb00000|100%|HS|  |TAMS 0x00000000cdb00000, 0x00000000cdb00000| Complete 
|  47|0x00000000cdb00000, 0x00000000cdc00000, 0x00000000cdc00000|100%|HS|  |TAMS 0x00000000cdc00000, 0x00000000cdc00000| Complete 
|  48|0x00000000cdc00000, 0x00000000cdd00000, 0x00000000cdd00000|100%|HS|  |TAMS 0x00000000cdd00000, 0x00000000cdd00000| Complete 
|  49|0x00000000cdd00000, 0x00000000cde00000, 0x00000000cde00000|100%|HS|  |TAMS 0x00000000cde00000, 0x00000000cde00000| Complete 
|  50|0x00000000cde00000, 0x00000000cdf00000, 0x00000000cdf00000|100%|HS|  |TAMS 0x00000000cdf00000, 0x00000000cdf00000| Complete 
|  51|0x00000000cdf00000, 0x00000000ce000000, 0x00000000ce000000|100%|HS|  |TAMS 0x00000000ce000000, 0x00000000ce000000| Complete 
|  52|0x00000000ce000000, 0x00000000ce100000, 0x00000000ce100000|100%|HS|  |TAMS 0x00000000ce100000, 0x00000000ce100000| Complete 
|  53|0x00000000ce100000, 0x00000000ce200000, 0x00000000ce200000|100%|HC|  |TAMS 0x00000000ce200000, 0x00000000ce200000| Complete 
|  54|0x00000000ce200000, 0x00000000ce300000, 0x00000000ce300000|100%|HS|  |TAMS 0x00000000ce300000, 0x00000000ce300000| Complete 
|  55|0x00000000ce300000, 0x00000000ce400000, 0x00000000ce400000|100%|HC|  |TAMS 0x00000000ce400000, 0x00000000ce400000| Complete 
|  56|0x00000000ce400000, 0x00000000ce500000, 0x00000000ce500000|100%|HS|  |TAMS 0x00000000ce500000, 0x00000000ce500000| Complete 
|  57|0x00000000ce500000, 0x00000000ce600000, 0x00000000ce600000|100%|HC|  |TAMS 0x00000000ce600000, 0x00000000ce600000| Complete 
|  58|0x00000000ce600000, 0x00000000ce700000, 0x00000000ce700000|100%| O|  |TAMS 0x00000000ce700000, 0x00000000ce700000| Untracked 
|  59|0x00000000ce700000, 0x00000000ce800000, 0x00000000ce800000|100%|HS|  |TAMS 0x00000000ce800000, 0x00000000ce800000| Complete 
|  60|0x00000000ce800000, 0x00000000ce900000, 0x00000000ce900000|100%|HC|  |TAMS 0x00000000ce900000, 0x00000000ce900000| Complete 
|  61|0x00000000ce900000, 0x00000000cea00000, 0x00000000cea00000|100%|HS|  |TAMS 0x00000000cea00000, 0x00000000cea00000| Complete 
|  62|0x00000000cea00000, 0x00000000ceb00000, 0x00000000ceb00000|100%|HC|  |TAMS 0x00000000ceb00000, 0x00000000ceb00000| Complete 
|  63|0x00000000ceb00000, 0x00000000cec00000, 0x00000000cec00000|100%|HS|  |TAMS 0x00000000cec00000, 0x00000000cec00000| Complete 
|  64|0x00000000cec00000, 0x00000000ced00000, 0x00000000ced00000|100%|HC|  |TAMS 0x00000000ced00000, 0x00000000ced00000| Complete 
|  65|0x00000000ced00000, 0x00000000cee00000, 0x00000000cee00000|100%|HS|  |TAMS 0x00000000ced00000, 0x00000000cee00000| Complete 
|  66|0x00000000cee00000, 0x00000000cef00000, 0x00000000cef00000|100%|HC|  |TAMS 0x00000000cee00000, 0x00000000cef00000| Complete 
|  67|0x00000000cef00000, 0x00000000cf000000, 0x00000000cf000000|100%| O|  |TAMS 0x00000000cf000000, 0x00000000cf000000| Untracked 
|  68|0x00000000cf000000, 0x00000000cf0f7600, 0x00000000cf100000| 96%| O|  |TAMS 0x00000000cf0d6800, 0x00000000cf0f7600| Untracked 
|  69|0x00000000cf100000, 0x00000000cf100000, 0x00000000cf200000|  0%| F|  |TAMS 0x00000000cf100000, 0x00000000cf100000| Untracked 
|  70|0x00000000cf200000, 0x00000000cf25a618, 0x00000000cf300000| 35%| S|CS|TAMS 0x00000000cf200000, 0x00000000cf200000| Complete 
|  71|0x00000000cf300000, 0x00000000cf300000, 0x00000000cf400000|  0%| F|  |TAMS 0x00000000cf300000, 0x00000000cf300000| Untracked 
|  72|0x00000000cf400000, 0x00000000cf500000, 0x00000000cf500000|100%|HS|  |TAMS 0x00000000cf400000, 0x00000000cf500000| Complete 
|  73|0x00000000cf500000, 0x00000000cf600000, 0x00000000cf600000|100%|HC|  |TAMS 0x00000000cf500000, 0x00000000cf600000| Complete 
|  74|0x00000000cf600000, 0x00000000cf700000, 0x00000000cf700000|100%|HS|  |TAMS 0x00000000cf600000, 0x00000000cf700000| Complete 
|  75|0x00000000cf700000, 0x00000000cf800000, 0x00000000cf800000|100%|HC|  |TAMS 0x00000000cf700000, 0x00000000cf800000| Complete 
|  76|0x00000000cf800000, 0x00000000cf900000, 0x00000000cf900000|100%|HS|  |TAMS 0x00000000cf800000, 0x00000000cf900000| Complete 
|  77|0x00000000cf900000, 0x00000000cfa00000, 0x00000000cfa00000|100%|HC|  |TAMS 0x00000000cf900000, 0x00000000cfa00000| Complete 
|  78|0x00000000cfa00000, 0x00000000cfb00000, 0x00000000cfb00000|100%|HS|  |TAMS 0x00000000cfa00000, 0x00000000cfb00000| Complete 
|  79|0x00000000cfb00000, 0x00000000cfc00000, 0x00000000cfc00000|100%|HC|  |TAMS 0x00000000cfb00000, 0x00000000cfc00000| Complete 
|  80|0x00000000cfc00000, 0x00000000cfd00000, 0x00000000cfd00000|100%|HS|  |TAMS 0x00000000cfc00000, 0x00000000cfd00000| Complete 
|  81|0x00000000cfd00000, 0x00000000cfe00000, 0x00000000cfe00000|100%|HC|  |TAMS 0x00000000cfd00000, 0x00000000cfe00000| Complete 
|  82|0x00000000cfe00000, 0x00000000cff00000, 0x00000000cff00000|100%|HS|  |TAMS 0x00000000cfe00000, 0x00000000cff00000| Complete 
|  83|0x00000000cff00000, 0x00000000d0000000, 0x00000000d0000000|100%|HC|  |TAMS 0x00000000cff00000, 0x00000000d0000000| Complete 
|  84|0x00000000d0000000, 0x00000000d0100000, 0x00000000d0100000|100%|HS|  |TAMS 0x00000000d0000000, 0x00000000d0100000| Complete 
|  85|0x00000000d0100000, 0x00000000d0200000, 0x00000000d0200000|100%|HC|  |TAMS 0x00000000d0100000, 0x00000000d0200000| Complete 
|  86|0x00000000d0200000, 0x00000000d0300000, 0x00000000d0300000|100%|HS|  |TAMS 0x00000000d0200000, 0x00000000d0300000| Complete 
|  87|0x00000000d0300000, 0x00000000d0400000, 0x00000000d0400000|100%|HC|  |TAMS 0x00000000d0300000, 0x00000000d0400000| Complete 
|  88|0x00000000d0400000, 0x00000000d0500000, 0x00000000d0500000|100%|HC|  |TAMS 0x00000000d0400000, 0x00000000d0500000| Complete 
|  89|0x00000000d0500000, 0x00000000d0600000, 0x00000000d0600000|100%|HS|  |TAMS 0x00000000d0500000, 0x00000000d0600000| Complete 
|  90|0x00000000d0600000, 0x00000000d0700000, 0x00000000d0700000|100%|HC|  |TAMS 0x00000000d0600000, 0x00000000d0700000| Complete 
|  91|0x00000000d0700000, 0x00000000d0800000, 0x00000000d0800000|100%|HC|  |TAMS 0x00000000d0700000, 0x00000000d0800000| Complete 
|  92|0x00000000d0800000, 0x00000000d0900000, 0x00000000d0900000|100%|HS|  |TAMS 0x00000000d0800000, 0x00000000d0900000| Complete 
|  93|0x00000000d0900000, 0x00000000d0a00000, 0x00000000d0a00000|100%|HC|  |TAMS 0x00000000d0900000, 0x00000000d0a00000| Complete 
|  94|0x00000000d0a00000, 0x00000000d0b00000, 0x00000000d0b00000|100%|HC|  |TAMS 0x00000000d0a00000, 0x00000000d0b00000| Complete 
|  95|0x00000000d0b00000, 0x00000000d0c00000, 0x00000000d0c00000|100%|HS|  |TAMS 0x00000000d0b00000, 0x00000000d0c00000| Complete 
|  96|0x00000000d0c00000, 0x00000000d0d00000, 0x00000000d0d00000|100%|HC|  |TAMS 0x00000000d0c00000, 0x00000000d0d00000| Complete 
|  97|0x00000000d0d00000, 0x00000000d0e00000, 0x00000000d0e00000|100%|HC|  |TAMS 0x00000000d0d00000, 0x00000000d0e00000| Complete 
|  98|0x00000000d0e00000, 0x00000000d0f00000, 0x00000000d0f00000|100%|HS|  |TAMS 0x00000000d0e00000, 0x00000000d0f00000| Complete 
|  99|0x00000000d0f00000, 0x00000000d1000000, 0x00000000d1000000|100%|HC|  |TAMS 0x00000000d0f00000, 0x00000000d1000000| Complete 
| 100|0x00000000d1000000, 0x00000000d1100000, 0x00000000d1100000|100%|HC|  |TAMS 0x00000000d1000000, 0x00000000d1100000| Complete 
| 101|0x00000000d1100000, 0x00000000d1200000, 0x00000000d1200000|100%|HS|  |TAMS 0x00000000d1100000, 0x00000000d1200000| Complete 
| 102|0x00000000d1200000, 0x00000000d1300000, 0x00000000d1300000|100%|HC|  |TAMS 0x00000000d1200000, 0x00000000d1300000| Complete 
| 103|0x00000000d1300000, 0x00000000d1400000, 0x00000000d1400000|100%|HC|  |TAMS 0x00000000d1300000, 0x00000000d1400000| Complete 
| 104|0x00000000d1400000, 0x00000000d1500000, 0x00000000d1500000|100%|HS|  |TAMS 0x00000000d1400000, 0x00000000d1500000| Complete 
| 105|0x00000000d1500000, 0x00000000d1600000, 0x00000000d1600000|100%|HC|  |TAMS 0x00000000d1500000, 0x00000000d1600000| Complete 
| 106|0x00000000d1600000, 0x00000000d1700000, 0x00000000d1700000|100%|HC|  |TAMS 0x00000000d1600000, 0x00000000d1700000| Complete 
| 107|0x00000000d1700000, 0x00000000d1800000, 0x00000000d1800000|100%|HS|  |TAMS 0x00000000d1700000, 0x00000000d1800000| Complete 
| 108|0x00000000d1800000, 0x00000000d1900000, 0x00000000d1900000|100%|HC|  |TAMS 0x00000000d1800000, 0x00000000d1900000| Complete 
| 109|0x00000000d1900000, 0x00000000d1a00000, 0x00000000d1a00000|100%|HC|  |TAMS 0x00000000d1900000, 0x00000000d1a00000| Complete 
| 110|0x00000000d1a00000, 0x00000000d1b00000, 0x00000000d1b00000|100%|HS|  |TAMS 0x00000000d1a00000, 0x00000000d1b00000| Complete 
| 111|0x00000000d1b00000, 0x00000000d1c00000, 0x00000000d1c00000|100%|HC|  |TAMS 0x00000000d1b00000, 0x00000000d1c00000| Complete 
| 112|0x00000000d1c00000, 0x00000000d1d00000, 0x00000000d1d00000|100%|HC|  |TAMS 0x00000000d1c00000, 0x00000000d1d00000| Complete 
| 851|0x00000000fff00000, 0x00000000fff00000, 0x0000000100000000|  0%| F|  |TAMS 0x00000000fff00000, 0x00000000fff00000| Untracked 

Card table byte_map: [0x00000214cf080000,0x00000214cf230000] _byte_map_base: 0x00000214cea2a000

Marking Bits (Prev, Next): (CMBitMap*) 0x00000214b7e08e80, (CMBitMap*) 0x00000214b7e08ec0
 Prev Bits: [0x00000214cf3e0000, 0x00000214d0130000)
 Next Bits: [0x00000214d0130000, 0x00000214d0e80000)

Polling page: 0x00000214b75a0000

Metaspace:

Usage:
  Non-class:     25.82 MB used.
      Class:      3.31 MB used.
       Both:     29.13 MB used.

Virtual space:
  Non-class space:       32.00 MB reserved,      25.94 MB ( 81%) committed,  4 nodes.
      Class space:        1.00 GB reserved,       3.44 MB ( <1%) committed,  1 nodes.
             Both:        1.03 GB reserved,      29.38 MB (  3%) committed. 

Chunk freelists:
   Non-Class:  1.44 MB
       Class:  455.00 KB
        Both:  1.88 MB

MaxMetaspaceSize: unlimited
CompressedClassSpaceSize: 1.00 GB
Initial GC threshold: 21.00 MB
Current GC threshold: 49.00 MB
CDS: on
MetaspaceReclaimPolicy: balanced
 - commit_granule_bytes: 65536.
 - commit_granule_words: 8192.
 - virtual_space_node_default_size: 1048576.
 - enlarge_chunks_in_place: 1.
 - new_chunks_are_fully_committed: 0.
 - uncommit_free_chunks: 1.
 - use_allocation_guard: 0.
 - handle_deallocations: 1.


Internal statistics:

num_allocs_failed_limit: 3.
num_arena_births: 194.
num_arena_deaths: 0.
num_vsnodes_births: 5.
num_vsnodes_deaths: 0.
num_space_committed: 470.
num_space_uncommitted: 0.
num_chunks_returned_to_freelist: 3.
num_chunks_taken_from_freelist: 1262.
num_chunk_merges: 3.
num_chunk_splits: 918.
num_chunks_enlarged: 730.
num_purges: 0.
num_inconsistent_stats: 0.

CodeHeap 'non-profiled nmethods': size=119168Kb used=2730Kb max_used=2730Kb free=116437Kb
 bounds [0x00000214c71f0000, 0x00000214c74a0000, 0x00000214ce650000]
CodeHeap 'profiled nmethods': size=119104Kb used=13998Kb max_used=15408Kb free=105105Kb
 bounds [0x00000214bf650000, 0x00000214c0560000, 0x00000214c6aa0000]
CodeHeap 'non-nmethods': size=7488Kb used=1218Kb max_used=1260Kb free=6269Kb
 bounds [0x00000214c6aa0000, 0x00000214c6d10000, 0x00000214c71f0000]
 total_blobs=7052 nmethods=6531 adapters=432
 compilation: enabled
              stopped_count=0, restarted_count=0
 full_count=0

Compilation events (20 events):
Event: 23.404 Thread 0x00000214d3dc55c0 7585       1       java.util.zip.ZipEntry::getCompressedSize (5 bytes)
Event: 23.404 Thread 0x00000214d3dc55c0 nmethod 7585 0x00000214c7499c90 code [0x00000214c7499e20, 0x00000214c7499ef8]
Event: 23.404 Thread 0x00000214d3dc55c0 7586       3       org.apache.commons.compress.utils.ByteUtils::toLittleEndian (41 bytes)
Event: 23.405 Thread 0x00000214d3dc55c0 nmethod 7586 0x00000214c01a9810 code [0x00000214c01a99c0, 0x00000214c01a9b98]
Event: 23.615 Thread 0x00000214d3dc55c0 7587       1       org.apache.commons.compress.archivers.zip.ZipArchiveEntryRequest::getMethod (5 bytes)
Event: 23.615 Thread 0x00000214d3dc55c0 nmethod 7587 0x00000214c7499f90 code [0x00000214c749a120, 0x00000214c749a1f8]
Event: 23.671 Thread 0x00000214d3dc55c0 7588       3       org.apache.commons.compress.archivers.zip.StreamCompressor::deflate (49 bytes)
Event: 23.673 Thread 0x00000214d3dc55c0 nmethod 7588 0x00000214bfce8e10 code [0x00000214bfce9040, 0x00000214bfce9b78]
Event: 24.093 Thread 0x00000214d3dc55c0 7591       3       java.io.FileInputStream::<init> (107 bytes)
Event: 24.095 Thread 0x00000214d3dc55c0 nmethod 7591 0x00000214bffcf490 code [0x00000214bffcf700, 0x00000214bffd01c8]
Event: 24.095 Thread 0x00000214d3dc55c0 7592       3       java.io.FileInputStream::open (6 bytes)
Event: 24.096 Thread 0x00000214d3dc55c0 nmethod 7592 0x00000214c0005310 code [0x00000214c00054a0, 0x00000214c00055e8]
Event: 24.117 Thread 0x00000214d3dc55c0 7593       1       org.apache.commons.compress.archivers.zip.StreamCompressor::getBytesWrittenForLastEntry (5 bytes)
Event: 24.117 Thread 0x00000214d3dc55c0 nmethod 7593 0x00000214c749a290 code [0x00000214c749a420, 0x00000214c749a4f8]
Event: 24.117 Thread 0x00000214d3dc55c0 7594       1       org.apache.commons.compress.archivers.zip.StreamCompressor::getBytesRead (5 bytes)
Event: 24.118 Thread 0x00000214d3dc55c0 nmethod 7594 0x00000214c749a590 code [0x00000214c749a720, 0x00000214c749a7f8]
Event: 24.315 Thread 0x00000214d3dc55c0 7601       2       java.util.concurrent.locks.AbstractQueuedSynchronizer::release (19 bytes)
Event: 24.316 Thread 0x00000214d3dc55c0 nmethod 7601 0x00000214c01b6790 code [0x00000214c01b6960, 0x00000214c01b6b68]
Event: 24.583 Thread 0x00000214d3dc55c0 7602       3       java.util.concurrent.ThreadPoolExecutor::runStateAtLeast (11 bytes)
Event: 24.583 Thread 0x00000214d3dc55c0 nmethod 7602 0x00000214c01b6410 code [0x00000214c01b65a0, 0x00000214c01b66f8]

GC Heap History (20 events):
Event: 16.410 GC heap after
{Heap after GC invocations=11 (full 0):
 garbage-first heap   total 74752K, used 30906K [0x00000000cac00000, 0x0000000100000000)
  region size 1024K, 2 young (2048K), 2 survivors (2048K)
 Metaspace       used 25987K, committed 26240K, reserved 1073152K
  class space    used 2980K, committed 3136K, reserved 1048576K
}
Event: 17.600 GC heap before
{Heap before GC invocations=12 (full 0):
 garbage-first heap   total 74752K, used 51386K [0x00000000cac00000, 0x0000000100000000)
  region size 1024K, 22 young (22528K), 2 survivors (2048K)
 Metaspace       used 26917K, committed 27328K, reserved 1073152K
  class space    used 3019K, committed 3264K, reserved 1048576K
}
Event: 17.612 GC heap after
{Heap after GC invocations=13 (full 0):
 garbage-first heap   total 74752K, used 32269K [0x00000000cac00000, 0x0000000100000000)
  region size 1024K, 1 young (1024K), 1 survivors (1024K)
 Metaspace       used 26917K, committed 27328K, reserved 1073152K
  class space    used 3019K, committed 3264K, reserved 1048576K
}
Event: 19.075 GC heap before
{Heap before GC invocations=13 (full 0):
 garbage-first heap   total 74752K, used 52749K [0x00000000cac00000, 0x0000000100000000)
  region size 1024K, 21 young (21504K), 1 survivors (1024K)
 Metaspace       used 27387K, committed 27776K, reserved 1073152K
  class space    used 3060K, committed 3264K, reserved 1048576K
}
Event: 19.086 GC heap after
{Heap after GC invocations=14 (full 0):
 garbage-first heap   total 74752K, used 33783K [0x00000000cac00000, 0x0000000100000000)
  region size 1024K, 3 young (3072K), 3 survivors (3072K)
 Metaspace       used 27387K, committed 27776K, reserved 1073152K
  class space    used 3060K, committed 3264K, reserved 1048576K
}
Event: 20.139 GC heap before
{Heap before GC invocations=14 (full 0):
 garbage-first heap   total 74752K, used 54263K [0x00000000cac00000, 0x0000000100000000)
  region size 1024K, 23 young (23552K), 3 survivors (3072K)
 Metaspace       used 28480K, committed 28864K, reserved 1081344K
  class space    used 3243K, committed 3456K, reserved 1048576K
}
Event: 20.148 GC heap after
{Heap after GC invocations=15 (full 0):
 garbage-first heap   total 74752K, used 34951K [0x00000000cac00000, 0x0000000100000000)
  region size 1024K, 3 young (3072K), 3 survivors (3072K)
 Metaspace       used 28480K, committed 28864K, reserved 1081344K
  class space    used 3243K, committed 3456K, reserved 1048576K
}
Event: 23.157 GC heap before
{Heap before GC invocations=15 (full 0):
 garbage-first heap   total 74752K, used 45191K [0x00000000cac00000, 0x0000000100000000)
  region size 1024K, 14 young (14336K), 3 survivors (3072K)
 Metaspace       used 29440K, committed 29760K, reserved 1081344K
  class space    used 3335K, committed 3520K, reserved 1048576K
}
Event: 23.168 GC heap after
{Heap after GC invocations=16 (full 0):
 garbage-first heap   total 74752K, used 35670K [0x00000000cac00000, 0x0000000100000000)
  region size 1024K, 2 young (2048K), 2 survivors (2048K)
 Metaspace       used 29440K, committed 29760K, reserved 1081344K
  class space    used 3335K, committed 3520K, reserved 1048576K
}
Event: 23.637 GC heap before
{Heap before GC invocations=17 (full 0):
 garbage-first heap   total 74752K, used 69462K [0x00000000cac00000, 0x0000000100000000)
  region size 1024K, 7 young (7168K), 2 survivors (2048K)
 Metaspace       used 29822K, committed 30080K, reserved 1081344K
  class space    used 3385K, committed 3520K, reserved 1048576K
}
Event: 23.646 GC heap after
{Heap after GC invocations=18 (full 0):
 garbage-first heap   total 74752K, used 65736K [0x00000000cac00000, 0x0000000100000000)
  region size 1024K, 2 young (2048K), 2 survivors (2048K)
 Metaspace       used 29822K, committed 30080K, reserved 1081344K
  class space    used 3385K, committed 3520K, reserved 1048576K
}
Event: 23.657 GC heap before
{Heap before GC invocations=18 (full 0):
 garbage-first heap   total 74752K, used 67784K [0x00000000cac00000, 0x0000000100000000)
  region size 1024K, 3 young (3072K), 2 survivors (2048K)
 Metaspace       used 29822K, committed 30080K, reserved 1081344K
  class space    used 3385K, committed 3520K, reserved 1048576K
}
Event: 23.663 GC heap after
{Heap after GC invocations=19 (full 0):
 garbage-first heap   total 74752K, used 63724K [0x00000000cac00000, 0x0000000100000000)
  region size 1024K, 1 young (1024K), 1 survivors (1024K)
 Metaspace       used 29822K, committed 30080K, reserved 1081344K
  class space    used 3385K, committed 3520K, reserved 1048576K
}
Event: 23.773 GC heap before
{Heap before GC invocations=19 (full 0):
 garbage-first heap   total 74752K, used 65772K [0x00000000cac00000, 0x0000000100000000)
  region size 1024K, 2 young (2048K), 1 survivors (1024K)
 Metaspace       used 29825K, committed 30080K, reserved 1081344K
  class space    used 3385K, committed 3520K, reserved 1048576K
}
Event: 23.777 GC heap after
{Heap after GC invocations=20 (full 0):
 garbage-first heap   total 74752K, used 65748K [0x00000000cac00000, 0x0000000100000000)
  region size 1024K, 1 young (1024K), 1 survivors (1024K)
 Metaspace       used 29825K, committed 30080K, reserved 1081344K
  class space    used 3385K, committed 3520K, reserved 1048576K
}
Event: 24.495 GC heap before
{Heap before GC invocations=21 (full 0):
 garbage-first heap   total 116736K, used 111828K [0x00000000cac00000, 0x0000000100000000)
  region size 1024K, 2 young (2048K), 1 survivors (1024K)
 Metaspace       used 29826K, committed 30080K, reserved 1081344K
  class space    used 3385K, committed 3520K, reserved 1048576K
}
Event: 24.499 GC heap after
{Heap after GC invocations=22 (full 0):
 garbage-first heap   total 116736K, used 111823K [0x00000000cac00000, 0x0000000100000000)
  region size 1024K, 1 young (1024K), 1 survivors (1024K)
 Metaspace       used 29826K, committed 30080K, reserved 1081344K
  class space    used 3385K, committed 3520K, reserved 1048576K
}
Event: 24.502 GC heap before
{Heap before GC invocations=22 (full 0):
 garbage-first heap   total 116736K, used 111823K [0x00000000cac00000, 0x0000000100000000)
  region size 1024K, 1 young (1024K), 1 survivors (1024K)
 Metaspace       used 29826K, committed 30080K, reserved 1081344K
  class space    used 3385K, committed 3520K, reserved 1048576K
}
Event: 24.505 GC heap after
{Heap after GC invocations=23 (full 0):
 garbage-first heap   total 116736K, used 106826K [0x00000000cac00000, 0x0000000100000000)
  region size 1024K, 1 young (1024K), 1 survivors (1024K)
 Metaspace       used 29826K, committed 30080K, reserved 1081344K
  class space    used 3385K, committed 3520K, reserved 1048576K
}
Event: 24.743 GC heap before
{Heap before GC invocations=23 (full 0):
 garbage-first heap   total 116736K, used 109898K [0x00000000cac00000, 0x0000000100000000)
  region size 1024K, 2 young (2048K), 1 survivors (1024K)
 Metaspace       used 29826K, committed 30080K, reserved 1081344K
  class space    used 3385K, committed 3520K, reserved 1048576K
}

Deoptimization events (20 events):
Event: 22.097 Thread 0x00000214b7dcf060 DEOPT PACKING pc=0x00000214c73a149c sp=0x000000b7f55fd980
Event: 22.097 Thread 0x00000214b7dcf060 DEOPT UNPACKING pc=0x00000214c6af23a3 sp=0x000000b7f55fd910 mode 2
Event: 22.098 Thread 0x00000214b7dcf060 Uncommon trap: trap_request=0xffffffc6 fr.pc=0x00000214c73a149c relative=0x00000000000009fc
Event: 22.098 Thread 0x00000214b7dcf060 Uncommon trap: reason=bimorphic_or_optimized_type_check action=maybe_recompile pc=0x00000214c73a149c method=java.util.regex.Pattern$Slice.match(Ljava/util/regex/Matcher;ILjava/lang/CharSequence;)Z @ 75 c2
Event: 22.098 Thread 0x00000214b7dcf060 DEOPT PACKING pc=0x00000214c73a149c sp=0x000000b7f55fd980
Event: 22.098 Thread 0x00000214b7dcf060 DEOPT UNPACKING pc=0x00000214c6af23a3 sp=0x000000b7f55fd910 mode 2
Event: 22.171 Thread 0x00000214b7dcf060 DEOPT PACKING pc=0x00000214bf8a2834 sp=0x000000b7f55fd740
Event: 22.171 Thread 0x00000214b7dcf060 DEOPT UNPACKING pc=0x00000214c6af2b43 sp=0x000000b7f55fccc0 mode 0
Event: 22.690 Thread 0x00000214b7dcf060 Uncommon trap: trap_request=0xffffff45 fr.pc=0x00000214c7267678 relative=0x00000000000000d8
Event: 22.690 Thread 0x00000214b7dcf060 Uncommon trap: reason=unstable_if action=reinterpret pc=0x00000214c7267678 method=java.util.HashMap.hash(Ljava/lang/Object;)I @ 1 c2
Event: 22.690 Thread 0x00000214b7dcf060 DEOPT PACKING pc=0x00000214c7267678 sp=0x000000b7f55fcdc0
Event: 22.690 Thread 0x00000214b7dcf060 DEOPT UNPACKING pc=0x00000214c6af23a3 sp=0x000000b7f55fcd00 mode 2
Event: 23.297 Thread 0x00000214d7f886a0 Uncommon trap: trap_request=0xffffffde fr.pc=0x00000214c72274b4 relative=0x0000000000000f94
Event: 23.297 Thread 0x00000214d7f886a0 Uncommon trap: reason=class_check action=maybe_recompile pc=0x00000214c72274b4 method=java.util.concurrent.ConcurrentHashMap.putVal(Ljava/lang/Object;Ljava/lang/Object;Z)Ljava/lang/Object; @ 242 c2
Event: 23.297 Thread 0x00000214d7f886a0 DEOPT PACKING pc=0x00000214c72274b4 sp=0x000000b7f77fe060
Event: 23.297 Thread 0x00000214d7f886a0 DEOPT UNPACKING pc=0x00000214c6af23a3 sp=0x000000b7f77fdfd0 mode 2
Event: 23.321 Thread 0x00000214d83c34f0 DEOPT PACKING pc=0x00000214c00ee758 sp=0x000000b7f78ff190
Event: 23.321 Thread 0x00000214d83c34f0 DEOPT UNPACKING pc=0x00000214c6af2b43 sp=0x000000b7f78fe5e8 mode 3
Event: 23.323 Thread 0x00000214b7dcf060 DEOPT PACKING pc=0x00000214bf9905e2 sp=0x000000b7f55fd970
Event: 23.323 Thread 0x00000214b7dcf060 DEOPT UNPACKING pc=0x00000214c6af2b43 sp=0x000000b7f55fce00 mode 3

Classes unloaded (0 events):
No events

Classes redefined (0 events):
No events

Internal exceptions (20 events):
Event: 22.313 Thread 0x00000214b7dcf060 Exception <a 'sun/nio/fs/WindowsException'{0x00000000cedd4730}> (0x00000000cedd4730) 
thrown [s\open\src\hotspot\share\prims\jni.cpp, line 516]
Event: 22.342 Thread 0x00000214b7dcf060 Exception <a 'sun/nio/fs/WindowsException'{0x00000000ceddb720}> (0x00000000ceddb720) 
thrown [s\open\src\hotspot\share\prims\jni.cpp, line 516]
Event: 22.360 Thread 0x00000214b7dcf060 Exception <a 'sun/nio/fs/WindowsException'{0x00000000cede2740}> (0x00000000cede2740) 
thrown [s\open\src\hotspot\share\prims\jni.cpp, line 516]
Event: 22.376 Thread 0x00000214b7dcf060 Exception <a 'sun/nio/fs/WindowsException'{0x00000000cede9640}> (0x00000000cede9640) 
thrown [s\open\src\hotspot\share\prims\jni.cpp, line 516]
Event: 22.390 Thread 0x00000214b7dcf060 Exception <a 'sun/nio/fs/WindowsException'{0x00000000cedf0578}> (0x00000000cedf0578) 
thrown [s\open\src\hotspot\share\prims\jni.cpp, line 516]
Event: 22.413 Thread 0x00000214b7dcf060 Exception <a 'sun/nio/fs/WindowsException'{0x00000000cedf7470}> (0x00000000cedf7470) 
thrown [s\open\src\hotspot\share\prims\jni.cpp, line 516]
Event: 22.426 Thread 0x00000214b7dcf060 Exception <a 'sun/nio/fs/WindowsException'{0x00000000cedfe310}> (0x00000000cedfe310) 
thrown [s\open\src\hotspot\share\prims\jni.cpp, line 516]
Event: 22.447 Thread 0x00000214b7dcf060 Exception <a 'sun/nio/fs/WindowsException'{0x00000000cec05620}> (0x00000000cec05620) 
thrown [s\open\src\hotspot\share\prims\jni.cpp, line 516]
Event: 22.462 Thread 0x00000214b7dcf060 Exception <a 'sun/nio/fs/WindowsException'{0x00000000cec0c4e8}> (0x00000000cec0c4e8) 
thrown [s\open\src\hotspot\share\prims\jni.cpp, line 516]
Event: 22.477 Thread 0x00000214b7dcf060 Exception <a 'sun/nio/fs/WindowsException'{0x00000000cec13280}> (0x00000000cec13280) 
thrown [s\open\src\hotspot\share\prims\jni.cpp, line 516]
Event: 22.497 Thread 0x00000214b7dcf060 Exception <a 'sun/nio/fs/WindowsException'{0x00000000cec1a2c8}> (0x00000000cec1a2c8) 
thrown [s\open\src\hotspot\share\prims\jni.cpp, line 516]
Event: 22.530 Thread 0x00000214b7dcf060 Exception <a 'sun/nio/fs/WindowsException'{0x00000000cec21290}> (0x00000000cec21290) 
thrown [s\open\src\hotspot\share\prims\jni.cpp, line 516]
Event: 22.566 Thread 0x00000214b7dcf060 Exception <a 'sun/nio/fs/WindowsException'{0x00000000cec28150}> (0x00000000cec28150) 
thrown [s\open\src\hotspot\share\prims\jni.cpp, line 516]
Event: 22.581 Thread 0x00000214b7dcf060 Exception <a 'sun/nio/fs/WindowsException'{0x00000000cec2f428}> (0x00000000cec2f428) 
thrown [s\open\src\hotspot\share\prims\jni.cpp, line 516]
Event: 22.591 Thread 0x00000214b7dcf060 Exception <a 'sun/nio/fs/WindowsException'{0x00000000cec363e0}> (0x00000000cec363e0) 
thrown [s\open\src\hotspot\share\prims\jni.cpp, line 516]
Event: 22.603 Thread 0x00000214b7dcf060 Exception <a 'sun/nio/fs/WindowsException'{0x00000000cec3d498}> (0x00000000cec3d498) 
thrown [s\open\src\hotspot\share\prims\jni.cpp, line 516]
Event: 22.618 Thread 0x00000214b7dcf060 Exception <a 'sun/nio/fs/WindowsException'{0x00000000cec447a0}> (0x00000000cec447a0) 
thrown [s\open\src\hotspot\share\prims\jni.cpp, line 516]
Event: 22.641 Thread 0x00000214b7dcf060 Exception <a 'sun/nio/fs/WindowsException'{0x00000000cec4b750}> (0x00000000cec4b750) 
thrown [s\open\src\hotspot\share\prims\jni.cpp, line 516]
Event: 22.690 Thread 0x00000214b7dcf060 Implicit null exception at 0x00000214c72675d8 to 0x00000214c726766e
Event: 23.152 Thread 0x00000214b7dcf060 Exception <a 'java/lang/NoSuchMethodError'{0x00000000ce950ca0}: 'void java.lang.invoke.DirectMethodHandle$Holder.invokeStaticInit(java.lang.Object, java.lang.Object)'> (0x00000000ce950ca0) 
thrown [s\open\src\hotspot\share\interpreter\linkResolver.cpp, line 759]

VM Operations (20 events):
Event: 23.664 Executing VM operation: G1CollectForAllocation done
Event: 23.773 Executing VM operation: G1TryInitiateConcMark
Event: 23.773 Executing VM operation: G1TryInitiateConcMark done
Event: 23.773 Executing VM operation: G1CollectForAllocation
Event: 23.779 Executing VM operation: G1CollectForAllocation done
Event: 23.809 Executing VM operation: G1Concurrent
Event: 23.823 Executing VM operation: G1Concurrent done
Event: 23.836 Executing VM operation: G1Concurrent
Event: 23.837 Executing VM operation: G1Concurrent done
Event: 24.490 Executing VM operation: G1CollectForAllocation
Event: 24.490 Executing VM operation: G1CollectForAllocation done
Event: 24.495 Executing VM operation: G1CollectForAllocation
Event: 24.499 Executing VM operation: G1CollectForAllocation done
Event: 24.500 Executing VM operation: G1CollectForAllocation
Event: 24.501 Executing VM operation: G1CollectForAllocation done
Event: 24.501 Executing VM operation: G1CollectForAllocation
Event: 24.505 Executing VM operation: G1CollectForAllocation done
Event: 24.742 Executing VM operation: G1TryInitiateConcMark
Event: 24.743 Executing VM operation: G1TryInitiateConcMark done
Event: 24.743 Executing VM operation: G1TryInitiateConcMark

Events (20 events):
Event: 23.316 loading class java/util/concurrent/locks/AbstractQueuedSynchronizer$ConditionNode
Event: 23.316 loading class java/util/concurrent/locks/AbstractQueuedSynchronizer$ExclusiveNode
Event: 23.317 loading class java/util/concurrent/locks/AbstractQueuedSynchronizer$Node
Event: 23.318 Thread 0x00000214d8106790 Thread added: 0x00000214d8106790
Event: 23.319 loading class java/util/concurrent/ForkJoinPool$ManagedBlocker
Event: 23.319 loading class java/util/concurrent/locks/AbstractQueuedSynchronizer$Node done
Event: 23.319 Thread 0x00000214d8105920 Thread added: 0x00000214d8105920
Event: 23.320 loading class java/util/concurrent/locks/AbstractQueuedSynchronizer$ExclusiveNode done
Event: 23.321 loading class java/util/concurrent/ForkJoinPool$ManagedBlocker done
Event: 23.321 loading class java/util/concurrent/locks/AbstractQueuedSynchronizer$ConditionNode done
Event: 23.338 loading class java/util/concurrent/ConcurrentLinkedQueue$Itr
Event: 23.342 loading class java/util/concurrent/ConcurrentLinkedQueue$Itr done
Event: 23.355 loading class java/nio/StringCharBuffer
Event: 23.363 loading class java/nio/StringCharBuffer done
Event: 23.368 loading class java/lang/StrictMath
Event: 23.380 loading class java/lang/StrictMath done
Event: 23.404 loading class java/util/concurrent/ConcurrentLinkedDeque$Itr
Event: 23.407 loading class java/util/concurrent/ConcurrentLinkedDeque$AbstractItr
Event: 23.409 loading class java/util/concurrent/ConcurrentLinkedDeque$AbstractItr done
Event: 23.409 loading class java/util/concurrent/ConcurrentLinkedDeque$Itr done


Dynamic libraries:
0x00007ff7cf560000 - 0x00007ff7cf570000 	C:\Program Files\Java\jdk-17\bin\java.exe
0x00007ffce6e70000 - 0x00007ffce7087000 	C:\windows\SYSTEM32\ntdll.dll
0x00007ffce56d0000 - 0x00007ffce5794000 	C:\windows\System32\KERNEL32.DLL
0x00007ffce43f0000 - 0x00007ffce4795000 	C:\windows\System32\KERNELBASE.dll
0x00007ffce48b0000 - 0x00007ffce49c1000 	C:\windows\System32\ucrtbase.dll
0x00007ffccec60000 - 0x00007ffccec79000 	C:\Program Files\Java\jdk-17\bin\jli.dll
0x00007ffce5480000 - 0x00007ffce5531000 	C:\windows\System32\ADVAPI32.dll
0x00007ffce4e90000 - 0x00007ffce4f37000 	C:\windows\System32\msvcrt.dll
0x00007ffc39010000 - 0x00007ffc3902b000 	C:\Program Files\Java\jdk-17\bin\VCRUNTIME140.dll
0x00007ffce60b0000 - 0x00007ffce6156000 	C:\windows\System32\sechost.dll
0x00007ffce57a0000 - 0x00007ffce58b7000 	C:\windows\System32\RPCRT4.dll
0x00007ffce58c0000 - 0x00007ffce5a6e000 	C:\windows\System32\USER32.dll
0x00007ffce43c0000 - 0x00007ffce43e6000 	C:\windows\System32\win32u.dll
0x00007ffce4e60000 - 0x00007ffce4e89000 	C:\windows\System32\GDI32.dll
0x00007ffce42a0000 - 0x00007ffce43b9000 	C:\windows\System32\gdi32full.dll
0x00007ffce4810000 - 0x00007ffce48aa000 	C:\windows\System32\msvcp_win.dll
0x00007ffcca1f0000 - 0x00007ffcca483000 	C:\windows\WinSxS\amd64_microsoft.windows.common-controls_6595b64144ccf1df_6.0.22621.2506_none_270c5ae97388e100\COMCTL32.dll
0x00007ffcdd170000 - 0x00007ffcdd17a000 	C:\windows\SYSTEM32\VERSION.dll
0x00007ffce5440000 - 0x00007ffce5471000 	C:\windows\System32\IMM32.DLL
0x00007ffc5b090000 - 0x00007ffc5b09c000 	C:\Program Files\Java\jdk-17\bin\vcruntime140_1.dll
0x00007ffc36630000 - 0x00007ffc366be000 	C:\Program Files\Java\jdk-17\bin\msvcp140.dll
0x00007ffc28ac0000 - 0x00007ffc2969d000 	C:\Program Files\Java\jdk-17\bin\server\jvm.dll
0x00007ffce5540000 - 0x00007ffce5548000 	C:\windows\System32\PSAPI.DLL
0x00007ffcdb6d0000 - 0x00007ffcdb704000 	C:\windows\SYSTEM32\WINMM.dll
0x00007ffc5d7b0000 - 0x00007ffc5d7b9000 	C:\windows\SYSTEM32\WSOCK32.dll
0x00007ffce53b0000 - 0x00007ffce5421000 	C:\windows\System32\WS2_32.dll
0x00007ffce31e0000 - 0x00007ffce31f8000 	C:\windows\SYSTEM32\kernel.appcore.dll
0x00007ffc5ac90000 - 0x00007ffc5ac9a000 	C:\Program Files\Java\jdk-17\bin\jimage.dll
0x00007ffcd25c0000 - 0x00007ffcd27f3000 	C:\windows\SYSTEM32\DBGHELP.DLL
0x00007ffce4fa0000 - 0x00007ffce5329000 	C:\windows\System32\combase.dll
0x00007ffce4d80000 - 0x00007ffce4e57000 	C:\windows\System32\OLEAUT32.dll
0x00007ffcd2120000 - 0x00007ffcd2152000 	C:\windows\SYSTEM32\dbgcore.DLL
0x00007ffce4b40000 - 0x00007ffce4bba000 	C:\windows\System32\bcryptPrimitives.dll
0x00007ffc36980000 - 0x00007ffc369a5000 	C:\Program Files\Java\jdk-17\bin\java.dll
0x00007ffc368a0000 - 0x00007ffc36977000 	C:\Program Files\Java\jdk-17\bin\jsvml.dll
0x00007ffce6480000 - 0x00007ffce6cd9000 	C:\windows\System32\SHELL32.dll
0x00007ffce20c0000 - 0x00007ffce29b4000 	C:\windows\SYSTEM32\windows.storage.dll
0x00007ffce1f80000 - 0x00007ffce20be000 	C:\windows\SYSTEM32\wintypes.dll
0x00007ffce61c0000 - 0x00007ffce62b3000 	C:\windows\System32\SHCORE.dll
0x00007ffce4f40000 - 0x00007ffce4f9e000 	C:\windows\System32\shlwapi.dll
0x00007ffce4110000 - 0x00007ffce4136000 	C:\windows\SYSTEM32\profapi.dll
0x00007ffc38ff0000 - 0x00007ffc39009000 	C:\Program Files\Java\jdk-17\bin\net.dll
0x00007ffcddae0000 - 0x00007ffcddc17000 	C:\windows\SYSTEM32\WINHTTP.dll
0x00007ffce3660000 - 0x00007ffce36c9000 	C:\windows\system32\mswsock.dll
0x00007ffc36880000 - 0x00007ffc36896000 	C:\Program Files\Java\jdk-17\bin\nio.dll
0x00007ffc36860000 - 0x00007ffc36878000 	C:\Program Files\Java\jdk-17\bin\zip.dll
0x0000000069ac0000 - 0x0000000069ae4000 	C:\Program Files\NetBeans-17\netbeans\java\maven\lib\jansi-native\Windows\x86_64\jansi.dll
0x00007ffc4ce40000 - 0x00007ffc4ce50000 	C:\Program Files\Java\jdk-17\bin\verify.dll
0x00007ffce3200000 - 0x00007ffce3234000 	C:\windows\SYSTEM32\ntmarta.dll

dbghelp: loaded successfully - version: 4.0.5 - missing functions: none
symbol engine: initialized successfully - sym options: 0x614 - pdb path: .;C:\Program Files\Java\jdk-17\bin;C:\windows\SYSTEM32;C:\windows\WinSxS\amd64_microsoft.windows.common-controls_6595b64144ccf1df_6.0.22621.2506_none_270c5ae97388e100;C:\Program Files\Java\jdk-17\bin\server;C:\Program Files\NetBeans-17\netbeans\java\maven\lib\jansi-native\Windows\x86_64

VM Arguments:
jvm_args: -Dclassworlds.conf=C:\Program Files\NetBeans-17\netbeans\java\maven\bin\m2.conf -Dmaven.home=C:\Program Files\NetBeans-17\netbeans\java\maven -Dlibrary.jansi.path=C:\Program Files\NetBeans-17\netbeans\java\maven\lib\jansi-native -Dmaven.multiModuleProjectDirectory=C:\Users\chris\OneDrive\Escritorio\finalquinta2\gym 
java_command: org.codehaus.plexus.classworlds.launcher.Launcher -Dmaven.ext.class.path=C:\Program Files\NetBeans-17\netbeans\java\maven-nblib\netbeans-eventspy.jar -Dfile.encoding=UTF-8 --no-transfer-progress clean install
java_class_path (initial): C:\Program Files\NetBeans-17\netbeans\java\maven\boot\plexus-classworlds-2.6.0.jar
Launcher Type: SUN_STANDARD

[Global flags]
     intx CICompilerCount                          = 12                                        {product} {ergonomic}
     uint ConcGCThreads                            = 3                                         {product} {ergonomic}
     uint G1ConcRefinementThreads                  = 13                                        {product} {ergonomic}
   size_t G1HeapRegionSize                         = 1048576                                   {product} {ergonomic}
    uintx GCDrainStackTargetSize                   = 64                                        {product} {ergonomic}
   size_t InitialHeapSize                          = 56623104                                  {product} {ergonomic}
   size_t MarkStackSize                            = 4194304                                   {product} {ergonomic}
   size_t MaxHeapSize                              = 893386752                                 {product} {ergonomic}
   size_t MaxNewSize                               = 535822336                                 {product} {ergonomic}
   size_t MinHeapDeltaBytes                        = 1048576                                   {product} {ergonomic}
   size_t MinHeapSize                              = 8388608                                   {product} {ergonomic}
    uintx NonNMethodCodeHeapSize                   = 7602480                                {pd product} {ergonomic}
    uintx NonProfiledCodeHeapSize                  = 122027880                              {pd product} {ergonomic}
    uintx ProfiledCodeHeapSize                     = 122027880                              {pd product} {ergonomic}
    uintx ReservedCodeCacheSize                    = 251658240                              {pd product} {ergonomic}
     bool SegmentedCodeCache                       = true                                      {product} {ergonomic}
   size_t SoftMaxHeapSize                          = 893386752                              {manageable} {ergonomic}
     bool UseCompressedClassPointers               = true                           {product lp64_product} {ergonomic}
     bool UseCompressedOops                        = true                           {product lp64_product} {ergonomic}
     bool UseG1GC                                  = true                                      {product} {ergonomic}
     bool UseLargePagesIndividualAllocation        = false                                  {pd product} {ergonomic}

Logging:
Log output configuration:
 #0: stdout all=warning uptime,level,tags
 #1: stderr all=off uptime,level,tags

Environment Variables:
JAVA_HOME=C:\Program Files\Java\jdk-17
PATH=C:\Program Files (x86)\VMware\VMware Workstation\bin\;C:\Program Files (x86)\Common Files\Oracle\Java\javapath;C:\Program Files\Common Files\Oracle\Java\javapath;C:\Program Files\Python311\Scripts\;C:\Program Files\Python311\;C:\windows\system32;C:\windows;C:\windows\System32\Wbem;C:\windows\System32\WindowsPowerShell\v1.0\;C:\windows\System32\OpenSSH\;C:\Program Files\Microsoft SQL Server\150\Tools\Binn\;C:\Program Files\Microsoft SQL Server\Client SDK\ODBC\170\Tools\Binn\;C:\Program Files\dotnet\;C:\Program Files (x86)\Microsoft SQL Server\160\Tools\Binn\;C:\Program Files\Microsoft SQL Server\160\Tools\Binn\;C:\Program Files\Microsoft SQL Server\160\DTS\Binn\;C:\Program Files (x86)\Microsoft SQL Server\160\DTS\Binn\;C:\Program Files\Azure Data Studio\bin;C:\Program Files\Git\cmd;C:\xampp\php;C:\ProgramData\ComposerSetup\bin;C:\Program Files\nodejs\;C:\Program Files\Java\jdk1.8.0_202\bin;C:\java\apache-maven-3.9.3\bin;C:\Program Files\Go\bin;C:\Users\chris\AppData\Local\Microsoft\WindowsApps;C:\Program Files\Azure Data Studio\bin;C:\Users\chris\AppData\Local\Programs\Microsoft VS Code\bin;C:\Users\chris\.dotnet\tools;C:\Users\chris\AppData\Roaming\Composer\vendor\bin;C:\Users\chris\AppData\Roaming\npm;C:\Users\chris\go\bin;C:\Program Files\JetBrains\GoLand 2023.2\bin;
USERNAME=chris
OS=Windows_NT
PROCESSOR_IDENTIFIER=AMD64 Family 23 Model 104 Stepping 1, AuthenticAMD



---------------  S Y S T E M  ---------------

OS:
 Windows 11 , 64 bit Build 22621 (10.0.22621.2506)
OS uptime: 6 days 13:24 hours
Hyper-V role detected

CPU: total 16 (initial active 16) (16 cores per cpu, 2 threads per core) family 23 model 104 stepping 1 microcode 0x0, cx8, cmov, fxsr, ht, mmx, 3dnowpref, sse, sse2, sse3, ssse3, sse4a, sse4.1, sse4.2, popcnt, lzcnt, tsc, tscinvbit, avx, avx2, aes, clmul, bmi1, bmi2, adx, sha, fma, vzeroupper, clflush, clflushopt, hv

Memory: 4k page, system-wide physical 3405M (4M free)
TotalPageFile size 13643M (AvailPageFile size 88M)
current process WorkingSet (physical memory assigned to process): 194M, peak: 194M
current process commit charge ("private bytes"): 309M, peak: 487M

vm_info: Java HotSpot(TM) 64-Bit Server VM (17.0.7+8-LTS-224) for windows-amd64 JRE (17.0.7+8-LTS-224), built on Feb 28 2023 23:03:02 by "mach5one" with MS VC++ 17.1 (VS2022)

END.
